2020-07-15 03:44:53 -  [Thread debugging using libthread_db enabled]
2020-07-15 03:44:53 -  Using host libthread_db library "/lib/x86_64-linux-gnu/libthread_db.so.1".
2020-07-15 03:44:53 -  [New Thread 0x7ffff4540700 (LWP 2128)]
2020-07-15 03:44:53 -  [New Thread 0x7ffff3d3f700 (LWP 2129)]
2020-07-15 03:44:53 -  The Ruby Server - Version 1.0.0 ALPHA 1
2020-07-15 03:44:53 -  Compiled with GNU C++ version 5.4.0 20160609
2020-07-15 03:44:53 -  Compiled on Jul 15 2020 03:26:56 for platform x64
2020-07-15 03:44:53 -  
2020-07-15 03:44:53 -  A server developed by Mark Samman (TFS) and Leandro Matheus
2020-07-15 03:44:53 -  Visit our website for updates, support, and resources: https://therubyproject.me
2020-07-15 03:44:53 -  
2020-07-15 03:44:53 -  >> Loading config
2020-07-15 03:44:53 -  >> Loading RSA key
2020-07-15 03:44:53 -  >> Establishing database connection... MySQL 5.7.30
2020-07-15 03:44:53 -  >> Running database manager
2020-07-15 03:44:53 -  >> Loading professions
2020-07-15 03:44:53 -  [New Thread 0x7ffff332c700 (LWP 2130)]
2020-07-15 03:44:53 -  >> Loading clans
2020-07-15 03:44:53 -  >> Loading items
2020-07-15 03:44:53 -  >> Loading script systems
2020-07-15 03:44:53 -  >> Loading pokemon
2020-07-15 03:44:53 -  >> Loading outfits
2020-07-15 03:44:53 -  >> Checking world type... PVP
2020-07-15 03:44:53 -  >> Checking world time... NIGHT
2020-07-15 03:44:53 -  >> Loading map
2020-07-15 03:44:53 -  > Map size: 2048x2048.
2020-07-15 03:44:53 -  > Map loading time: 0.239 seconds.
2020-07-15 03:44:53 -  >> Initializing gamestate
2020-07-15 03:44:53 -  >> Loaded all modules, server starting up...
2020-07-15 03:44:53 -  > Warning: The Ruby Server has been executed as root user, please consider running it as a normal user.
2020-07-15 03:44:53 -  >> Ruby Server Online!
2020-07-15 03:44:53 -  
2020-07-15 03:44:57 -  god has logged in.
2020-07-15 03:45:04 -  god has logged out.
2020-07-15 03:45:05 -  god has logged in.
2020-07-15 04:02:31 -  god has logged out.
2020-07-15 04:03:21 -  
2020-07-15 04:03:21 -  Thread 1 "tfs" received signal SIGHUP, Hangup.
2020-07-15 04:03:21 -  0x00007ffff7b14ad3 in epoll_wait () at ../sysdeps/unix/syscall-template.S:84
2020-07-15 04:03:21 -  84	../sysdeps/unix/syscall-template.S: No such file or directory.
2020-07-15 04:03:21 -  
2020-07-15 04:03:21 -  Thread 4 (Thread 0x7ffff332c700 (LWP 2130)):
2020-07-15 04:03:21 -  #0  pthread_cond_wait@@GLIBC_2.3.2 () at ../sysdeps/unix/sysv/linux/x86_64/pthread_cond_wait.S:185
2020-07-15 04:03:21 -  No locals.
2020-07-15 04:03:21 -  #1  0x00007ffff642591c in std::condition_variable::wait(std::unique_lock<std::mutex>&) () from /usr/lib/x86_64-linux-gnu/libstdc++.so.6
2020-07-15 04:03:21 -  No symbol table info available.
2020-07-15 04:03:21 -  #2  0x00000000004831bf in DatabaseTasks::threadMain() (this=0x8075a0 <g_databaseTasks>) at /home/pokeserv/src/databasetasks.cpp:41
2020-07-15 04:03:21 -          taskLockUnique = {_M_device = 0x807608 <g_databaseTasks+104>, _M_owns = true}
2020-07-15 04:03:21 -  #3  0x00007ffff642ac80 in ?? () from /usr/lib/x86_64-linux-gnu/libstdc++.so.6
2020-07-15 04:03:21 -  No symbol table info available.
2020-07-15 04:03:21 -  #4  0x00007ffff66fb6ba in start_thread (arg=0x7ffff332c700) at pthread_create.c:333
2020-07-15 04:03:21 -          __res = <optimized out>
2020-07-15 04:03:21 -          pd = 0x7ffff332c700
2020-07-15 04:03:21 -          now = <optimized out>
2020-07-15 04:03:21 -          unwind_buf = {cancel_jmp_buf = {{jmp_buf = {140737273579264, 8631013005024427664, 0, 140737292528543, 140737273579968, 8427520, -8631039850746610032, -8631034035113820528}, mask_was_saved = 0}}, priv = {pad = {0x0, 0x0, 0x0, 0x0}, data = {prev = 0x0, cleanup = 0x0, canceltype = 0}}}
2020-07-15 04:03:21 -          not_first_call = <optimized out>
2020-07-15 04:03:21 -          pagesize_m1 = <optimized out>
2020-07-15 04:03:21 -          sp = <optimized out>
2020-07-15 04:03:21 -          freesize = <optimized out>
2020-07-15 04:03:21 -          __PRETTY_FUNCTION__ = "start_thread"
2020-07-15 04:03:21 -  #5  0x00007ffff7b144dd in clone () at ../sysdeps/unix/sysv/linux/x86_64/clone.S:109
2020-07-15 04:03:22 -  No locals.
2020-07-15 04:03:22 -  
2020-07-15 04:03:22 -  Thread 3 (Thread 0x7ffff3d3f700 (LWP 2129)):
2020-07-15 04:03:22 -  #0  pthread_cond_timedwait@@GLIBC_2.3.2 () at ../sysdeps/unix/sysv/linux/x86_64/pthread_cond_timedwait.S:225
2020-07-15 04:03:22 -  No locals.
2020-07-15 04:03:22 -  #1  0x00000000004f9e00 in __gthread_cond_timedwait () at /usr/include/x86_64-linux-gnu/c++/5/bits/gthr-default.h:871
2020-07-15 04:03:22 -  No locals.
2020-07-15 04:03:22 -  #2  std::condition_variable::__wait_until_impl (__atime=..., __lock=..., this=0x808ba0 <g_scheduler+64>) at /usr/include/c++/5/condition_variable:165
2020-07-15 04:03:22 -          __ts = {tv_sec = 1594785801, tv_nsec = 910999694}
2020-07-15 04:03:22 -  #3  std::condition_variable::wait_until<std::chrono::duration<long, std::ratio<1l, 1000000000l> > > () at /usr/include/c++/5/condition_variable:105
2020-07-15 04:03:22 -          __lock = @0x7ffff3d3ee90: {_M_device = 0x808b78 <g_scheduler+24>, _M_owns = true}
2020-07-15 04:03:22 -          this = 0x808ba0 <g_scheduler+64>
2020-07-15 04:03:22 -  #4  Scheduler::threadMain (this=0x808b60 <g_scheduler>) at /home/pokeserv/src/scheduler.cpp:35
2020-07-15 04:03:22 -          ret = std::cv_status::no_timeout
2020-07-15 04:03:22 -          eventLockUnique = {_M_device = 0x808b78 <g_scheduler+24>, _M_owns = true}
2020-07-15 04:03:22 -  #5  0x00007ffff642ac80 in ?? () from /usr/lib/x86_64-linux-gnu/libstdc++.so.6
2020-07-15 04:03:22 -  No symbol table info available.
2020-07-15 04:03:22 -  #6  0x00007ffff66fb6ba in start_thread (arg=0x7ffff3d3f700) at pthread_create.c:333
2020-07-15 04:03:22 -          __res = <optimized out>
2020-07-15 04:03:22 -          pd = 0x7ffff3d3f700
2020-07-15 04:03:22 -          now = <optimized out>
2020-07-15 04:03:22 -          unwind_buf = {cancel_jmp_buf = {{jmp_buf = {140737284142848, 8631013005024427664, 0, 140737488346431, 140737284143552, 140737488347024, -8631039565668155760, -8631034035113820528}, mask_was_saved = 0}}, priv = {pad = {0x0, 0x0, 0x0, 0x0}, data = {prev = 0x0, cleanup = 0x0, canceltype = 0}}}
2020-07-15 04:03:22 -          not_first_call = <optimized out>
2020-07-15 04:03:22 -          pagesize_m1 = <optimized out>
2020-07-15 04:03:22 -          sp = <optimized out>
2020-07-15 04:03:22 -          freesize = <optimized out>
2020-07-15 04:03:22 -          __PRETTY_FUNCTION__ = "start_thread"
2020-07-15 04:03:22 -  #7  0x00007ffff7b144dd in clone () at ../sysdeps/unix/sysv/linux/x86_64/clone.S:109
2020-07-15 04:03:22 -  No locals.
2020-07-15 04:03:22 -  
2020-07-15 04:03:22 -  Thread 2 (Thread 0x7ffff4540700 (LWP 2128)):
2020-07-15 04:03:22 -  #0  pthread_cond_wait@@GLIBC_2.3.2 () at ../sysdeps/unix/sysv/linux/x86_64/pthread_cond_wait.S:185
2020-07-15 04:03:22 -  No locals.
2020-07-15 04:03:22 -  #1  0x00007ffff642591c in std::condition_variable::wait(std::unique_lock<std::mutex>&) () from /usr/lib/x86_64-linux-gnu/libstdc++.so.6
2020-07-15 04:03:22 -  No symbol table info available.
2020-07-15 04:03:22 -  #2  0x000000000054826b in Dispatcher::threadMain() (this=0x8097c0 <g_dispatcher>) at /home/pokeserv/src/tasks.cpp:49
2020-07-15 04:03:22 -          taskLockUnique = {_M_device = 0x8097d8 <g_dispatcher+24>, _M_owns = true}
2020-07-15 04:03:22 -  #3  0x00007ffff642ac80 in ?? () from /usr/lib/x86_64-linux-gnu/libstdc++.so.6
2020-07-15 04:03:22 -  No symbol table info available.
2020-07-15 04:03:22 -  #4  0x00007ffff66fb6ba in start_thread (arg=0x7ffff4540700) at pthread_create.c:333
2020-07-15 04:03:22 -          __res = <optimized out>
2020-07-15 04:03:22 -          pd = 0x7ffff4540700
2020-07-15 04:03:22 -          now = <optimized out>
2020-07-15 04:03:22 -          unwind_buf = {cancel_jmp_buf = {{jmp_buf = {140737292535552, 8631013005024427664, 0, 140737488346431, 140737292536256, 140737488347024, -8631029669526634864, -8631034035113820528}, mask_was_saved = 0}}, priv = {pad = {0x0, 0x0, 0x0, 0x0}, data = {prev = 0x0, cleanup = 0x0, canceltype = 0}}}
2020-07-15 04:03:22 -          not_first_call = <optimized out>
2020-07-15 04:03:22 -          pagesize_m1 = <optimized out>
2020-07-15 04:03:22 -          sp = <optimized out>
2020-07-15 04:03:22 -          freesize = <optimized out>
2020-07-15 04:03:22 -          __PRETTY_FUNCTION__ = "start_thread"
2020-07-15 04:03:22 -  #5  0x00007ffff7b144dd in clone () at ../sysdeps/unix/sysv/linux/x86_64/clone.S:109
2020-07-15 04:03:22 -  No locals.
2020-07-15 04:03:22 -  
2020-07-15 04:03:22 -  Thread 1 (Thread 0x7ffff7fe5740 (LWP 2124)):
2020-07-15 04:03:22 -  #0  0x00007ffff7b14ad3 in epoll_wait () at ../sysdeps/unix/syscall-template.S:84
2020-07-15 04:03:22 -  No locals.
2020-07-15 04:03:22 -  #1  0x0000000000419814 in run (ops=..., block=<optimized out>, this=0x81d3a0) at /usr/include/boost/asio/detail/impl/epoll_reactor.ipp:392
2020-07-15 04:03:22 -          timeout = <optimized out>
2020-07-15 04:03:22 -          events = {{events = 1, data = {ptr = 0x81d404, fd = 8508420, u32 = 8508420, u64 = 8508420}}, {events = 0, data = {ptr = 0x7fffffffdfd4, fd = -8236, u32 = 4294959060, u64 = 140737488347092}}, {events = 4160742592, data = {ptr = 0xffffe10000007fff, fd = 32767, u32 = 32767, u64 = 18446709988849123327}}, {events = 32767, data = {ptr = 0x7ffff7fe9a30, fd = -134309328, u32 = 4160657968, u64 = 140737354046000}}, {events = 0, data = {ptr = 0xf7ffe16800000000, fd = 0, u32 = 0, u64 = 17870249683222265856}}, {events = 32767, data = {ptr = 0x7fffffffe128, fd = -7896, u32 = 4294959400, u64 = 140737488347432}}, {events = 4158528335, data = {ptr = 0xa00007fff, fd = 32767, u32 = 32767, u64 = 42949705727}}, {events = 0, data = {ptr = 0x7ffff7fe9a30, fd = -134309328, u32 = 4160657968, u64 = 140737354046000}}, {events = 1, data = {ptr = 0x0, fd = 0, u32 = 0, u64 = 0}}, {events = 0, data = {ptr = 0x1, fd = 1, u32 = 1, u64 = 1}}, {events = 4160741736, data = {ptr = 0xffffe16800007fff, fd = 32767, u32 = 32767, u64 = 18446710435525722111}}, {events = 32767, data = {ptr = 0x7ffff7de1b4f <_dl_lookup_symbol_x+335>, fd = -136438961, u32 = 4158528335, u64 = 140737351916367}}, {events = 1, data = {ptr = 0x0, fd = 0, u32 = 0, u64 = 0}}, {events = 0, data = {ptr = 0x7ffff7ffe4c0, fd = -134224704, u32 = 4160742592, u64 = 140737354130624}}, {events = 4294959216, data = {ptr = 0x100007fff, fd = 32767, u32 = 32767, u64 = 4295000063}}, {events = 1, data = {ptr = 0x7fffffffe060, fd = -8096, u32 = 4294959200, u64 = 140737488347232}}, {events = 255306056, data = {ptr = 0x4079e200000000, fd = 0, u32 = 0, u64 = 18148410079051776}}, {events = 0, data = {ptr = 0xffffffff, fd = -1, u32 = 4294967295, u64 = 4294967295}}, {events = 0, data = {ptr = 0xf606ca7000000000, fd = 0, u32 = 0, u64 = 17728079565575684096}}, {events = 32767, data = {ptr = 0x7ffff7feb000, fd = -134303744, u32 = 4160663552, u64 = 140737354051584}}, {events = 1073748016, data = {ptr = 0xffffe0a000000001, fd = 1, u32 = 1, u64 = 18446709576532230145}}, {events = 32767, data = {ptr = 0x4f152227, fd = 1326785063, u32 = 1326785063, u64 = 1326785063}}, {events = 4214080, data = {ptr = 0xffffffff00000000, fd = 0, u32 = 0, u64 = 18446744069414584320}}, {events = 0, data = {ptr = 0x40000378, fd = 1073742712, u32 = 1073742712, u64 = 1073742712}}, {events = 4154538432, data = {ptr = 0xf7fee00000007fff, fd = 32767, u32 = 32767, u64 = 17869966662057361407}}, {events = 32767, data = {ptr = 0x4000b620, fd = 1073788448, u32 = 1073788448, u64 = 1073788448}}, {events = 1073747992, data = {ptr = 0x0, fd = 0, u32 = 0, u64 = 0}}, {events = 0, data = {ptr = 0x7fa2d8, fd = 8364760, u32 = 8364760, u64 = 8364760}}, {events = 8363368, data = {ptr = 0xffffe6b800000000, fd = 0, u32 = 0, u64 = 18446716276681211904}}, {events = 32767, data = {ptr = 0x7ffff5176010, fd = -183017456, u32 = 4111949840, u64 = 140737305337872}}, {events = 0, data = {ptr = 0x200000000, fd = 0, u32 = 0, u64 = 8589934592}}, {events = 0, data = {ptr = 0x7ffff7de6b06 <_dl_fixup+214>, fd = -136418554, u32 = 4158548742, u64 = 140737351936774}}, {events = 1, data = {ptr = 0xf7de6bd200000000, fd = 0, u32 = 0, u64 = 17860831721885270016}}, {events = 32767, data = {ptr = 0x7f9d68, fd = 8363368, u32 = 8363368, u64 = 8363368}}, {events = 4127640176, data = {ptr = 0xffffe4f000007fff, fd = 32767, u32 = 32767, u64 = 18446714318176157695}}, {events = 32767, data = {ptr = 0x7ffff7deeeca <_dl_runtime_resolve_xsave+138>, fd = -136384822, u32 = 4158582474, u64 = 140737351970506}}, {events = 4099149840, data = {ptr = 0xf454101000007fff, fd = 32767, u32 = 32767, u64 = 17605714504203665407}}, {events = 32767, data = {ptr = 0x7ffff4541010, fd = -195817456, u32 = 4099149840, u64 = 140737292537872}}, {events = 12804096, data = {ptr = 0x0, fd = 0, u32 = 0, u64 = 0}}, {events = 0, data = {ptr = 0xffffffffffffffff, fd = -1, u32 = 4294967295, u64 = 18446744073709551615}}, {events = 0, data = {ptr = 0xf7deeeca00000000, fd = 0, u32 = 0, u64 = 17860975723548770304}}, {events = 32767, data = {ptr = 0x412060 <__pthread_key_create@plt>, fd = 4268128, u32 = 4268128, u64 = 4268128}}, {events = 192, data = {ptr = 0x700000000, fd = 0, u32 = 0, u64 = 30064771072}}, {events = 0, data = {ptr = 0xffff00001fa0, fd = 8096, u32 = 8096, u64 = 281470681751456}}, {events = 8385536, data = {ptr = 0x8206e000000000, fd = 0, u32 = 0, u64 = 36599306114826240}}, {events = 0, data = {ptr = 0x0, fd = 0, u32 = 0, u64 = 0}}, {events = 775892785, data = {ptr = 0x6e614d672f3b6f73, fd = 792424307, u32 = 792424307, u64 = 7953723522482401139}}, {events = 1919248225, data = {ptr = 0x41505f58414d3a3a, fd = 1095580218, u32 = 1095580218, u64 = 4706366443259509306}}, {events = 1937064805, data = {ptr = 0x1fa0416d6f74, fd = 1097690996, u32 = 1097690996, u64 = 34773152919412}}, {events = 65535, data = {ptr = 0x2f3b61756c2e3f2f, fd = 1814970159, u32 = 1814970159, u64 = 3403421100362579759}}, {events = 796029813, data = {ptr = 0x68732f6c61636f6c, fd = 1633906540, u32 = 1633906540, u64 = 7526411544803110764}}, {events = 795177569, data = {ptr = 0x2f312e352f61756c, fd = 794916204, u32 = 794916204, u64 = 3400549999604495724}}, {events = 1970023999, data = {ptr = 0x6c2f7273752f3b61, fd = 1966029665, u32 = 1966029665, u64 = 7795575320214453089}}, {events = 1818321775, data = {ptr = 0x6c2f65726168732f, fd = 1634235183, u32 = 1634235183, u64 = 7795561021936530223}}, {events = 892297589, data = {ptr = 0x471c40003f2f312e, fd = 1060057390, u32 = 1060057390, u64 = 5124040845845016878}}, {events = 0, data = {ptr = 0x0, fd = 0, u32 = 0, u64 = 0}}, {events = 0, data = {ptr = 0x0, fd = 0, u32 = 0, u64 = 0}}, {events = 0, data = {ptr = 0x3f800000, fd = 1065353216, u32 = 1065353216, u64 = 1065353216}}, {events = 0, data = {ptr = 0x0, fd = 0, u32 = 0, u64 = 0}}, {events = 0, data = {ptr = 0x0, fd = 0, u32 = 0, u64 = 0}}, {events = 0, data = {ptr = 0xff0000000000, fd = 0, u32 = 0, u64 = 280375465082880}}, {events = 4294901760, data = {ptr = 0x2e352f61756c2f75, fd = 1970024309, u32 = 1970024309, u64 = 3329619595138707317}}, {events = 775892785, data = {ptr = 0x6e614d672f3b6f73, fd = 792424307, u32 = 792424307, u64 = 7953723522482401139}}, {events = 1919248225, data = {ptr = 0x41505f58414d3a3a, fd = 1095580218, u32 = 1095580218, u64 = 4706366443259509306}}, {events = 1952531316, data = {ptr = 0x66456c6961466863, fd = 1632004195, u32 = 1632004195, u64 = 7369415565121054819}}, {events = 1952671078, data = {ptr = 0x2f3b61756c2e3f2f, fd = 1814970159, u32 = 1814970159, u64 = 3403421100362579759}}, {events = 796029813, data = {ptr = 0x68732f6c61636f6c, fd = 1633906540, u32 = 1633906540, u64 = 7526411544803110764}}, {events = 795177569, data = {ptr = 0x2f312e352f61756c, fd = 794916204, u32 = 794916204, u64 = 3400549999604495724}}, {events = 1970023999, data = {ptr = 0x6c2f7273752f3b61, fd = 1966029665, u32 = 1966029665, u64 = 7795575320214453089}}, {events = 1818321775, data = {ptr = 0x6c2f65726168732f, fd = 1634235183, u32 = 1634235183, u64 = 7795561021936530223}}, {events = 892297589, data = {ptr = 0x696e692f3f2f312e, fd = 1060057390, u32 = 1060057390, u64 = 7597125273065042222}}, {events = 1970024052, data = {ptr = 0x7ffff7dd1b20 <main_arena>, fd = -136504544, u32 = 4158462752, u64 = 140737351850784}}, {events = 336352, data = {ptr = 0x5300000000000, fd = 0, u32 = 0, u64 = 1460151441686528}}, {events = 0, data = {ptr = 0x7ffff7dd1b78 <main_arena+88>, fd = -136504456, u32 = 4158462840, u64 = 140737351850872}}, {events = 4096, data = {ptr = 0x0, fd = 0, u32 = 0, u64 = 0}}, {events = 0, data = {ptr = 0x7ffff7a8eb0f <sysmalloc+2223>, fd = -139924721, u32 = 4155042575, u64 = 140737348430607}}, {events = 3, data = {ptr = 0xf7dd1b2000000000, fd = 0, u32 = 0, u64 = 17860461521474158592}}, {events = 32767, data = {ptr = 0xc35010, fd = 12800016, u32 = 12800016, u64 = 12800016}}, {events = 12804096, data = {ptr = 0xf7dd1b7800000000, fd = 0, u32 = 0, u64 = 17860461899431280640}}, {events = 32767, data = {ptr = 0x1000, fd = 4096, u32 = 4096, u64 = 4096}}, {events = 4158462840, data = {ptr = 0xf7a8eb0f00007fff, fd = 32767, u32 = 32767, u64 = 17845771973112659967}}, {events = 32767, data = {ptr = 0x7ffff7dd1b70 <main_arena+80>, fd = -136504464, u32 = 4158462832, u64 = 140737351850864}}, {events = 7265, data = {ptr = 0xffffe39fffff8000, fd = -32768, u32 = 4294934528, u64 = 18446712875067080704}}, {events = 32767, data = {ptr = 0x0, fd = 0, u32 = 0, u64 = 0}}, {events = 2, data = {ptr = 0xf7dd1b2000000000, fd = 0, u32 = 0, u64 = 17860461521474158592}}, {events = 32767, data = {ptr = 0x521e0, fd = 336352, u32 = 336352, u64 = 336352}}, {events = 10000, data = {ptr = 0xf7dd1b7800000000, fd = 0, u32 = 0, u64 = 17860461899431280640}}, {events = 32767, data = {ptr = 0x7ffff7dd1b78 <main_arena+88>, fd = -136504456, u32 = 4158462840, u64 = 140737351850872}}, {events = 0, data = {ptr = 0xf7a8f76300000000, fd = 0, u32 = 0, u64 = 17845785528029413376}}, {events = 32767, data = {ptr = 0x7d, fd = 125, u32 = 125, u64 = 125}}, {events = 336344, data = {ptr = 0xffffe44000000000, fd = 0, u32 = 0, u64 = 18446713562261880832}}, {events = 32767, data = {ptr = 0x0, fd = 0, u32 = 0, u64 = 0}}, {events = 0, data = {ptr = 0x0, fd = 0, u32 = 0, u64 = 0}}, {events = 0, data = {ptr = 0xffff800000001bc1, fd = 7105, u32 = 7105, u64 = 18446603336221203393}}, {events = 4294960191, data = {ptr = 0x148700007fff, fd = 32767, u32 = 32767, u64 = 22570053173247}}, {events = 0, data = {ptr = 0x14b70000521e, fd = 21022, u32 = 21022, u64 = 22776211591710}}, {events = 656, data = {ptr = 0x5200000000, fd = 0, u32 = 0, u64 = 352187318272}}, {events = 0, data = {ptr = 0xc000000040, fd = 64, u32 = 64, u64 = 824633720896}}, {events = 1040, data = {ptr = 0xffffe4a000000000, fd = 0, u32 = 0, u64 = 18446713974578741248}}, {events = 32767, data = {ptr = 0x7d00000081, fd = 129, u32 = 129, u64 = 536870912129}}, {events = 0, data = {ptr = 0x0, fd = 0, u32 = 0, u64 = 0}}, {events = 0, data = {ptr = 0xffff800000001b61, fd = 7009, u32 = 7009, u64 = 18446603336221203297}}, {events = 4294960287, data = {ptr = 0x200007fff, fd = 32767, u32 = 32767, u64 = 8589967359}}, {events = 0, data = {ptr = 0x8, fd = 8, u32 = 8, u64 = 8}}, {events = 2, data = {ptr = 0x0, fd = 0, u32 = 0, u64 = 0}}, {events = 0, data = {ptr = 0x6e0000005d, fd = 93, u32 = 93, u64 = 472446402653}}, {events = 0, data = {ptr = 0x0, fd = 0, u32 = 0, u64 = 0}}, {events = 0, data = {ptr = 0x7c00000077, fd = 119, u32 = 119, u64 = 532575944823}}, {events = 0, data = {ptr = 0x521d800000000, fd = 0, u32 = 0, u64 = 1444586480205824}}, {events = 0, data = {ptr = 0x7fffffffe538, fd = -6856, u32 = 4294960440, u64 = 140737488348472}}, {events = 4131389048, data = {ptr = 0x521d800007fff, fd = 32767, u32 = 32767, u64 = 1444586480238591}}, {events = 0, data = {ptr = 0x7ffff7dd1b20 <main_arena>, fd = -136504544, u32 = 4158462752, u64 = 140737351850784}}, {events = 1040, data = {ptr = 0x1b51000000000, fd = 0, u32 = 0, u64 = 480555300814848}}, {events = 0, data = {ptr = 0x820af0, fd = 8522480, u32 = 8522480, u64 = 8522480}}, {events = 4294960808, data = {ptr = 0x100007fff, fd = 32767, u32 = 32767, u64 = 4295000063}}, {events = 0, data = {ptr = 0x7ffff7a91e3a <__libc_calloc+186>, fd = -139911622, u32 = 4155055674, u64 = 140737348443706}}, {events = 8363368, data = {ptr = 0xf7dd1b2000000000, fd = 0, u32 = 0, u64 = 17860461521474158592}}, {events = 32767, data = {ptr = 0x8, fd = 8, u32 = 8, u64 = 8}}, {events = 8363368, data = {ptr = 0xffffe6b800000000, fd = 0, u32 = 0, u64 = 18446716276681211904}}, {events = 32767, data = {ptr = 0x7fffffffe6a8, fd = -6488, u32 = 4294960808, u64 = 140737488348840}}, {events = 1, data = {ptr = 0x41243000000000, fd = 0, u32 = 0, u64 = 18335662063222784}}, {events = 0, data = {ptr = 0x7fab48, fd = 8366920, u32 = 8366920, u64 = 8366920}}, {events = 4269104, data = {ptr = 0x7fab4800000000, fd = 0, u32 = 0, u64 = 35935647768248320}}, {events = 0, data = {ptr = 0x7ffff7a472a9 <__GI___cxa_atexit+25>, fd = -140217687, u32 = 4154749609, u64 = 140737348137641}}, {events = 1, data = {ptr = 0x200000000, fd = 0, u32 = 0, u64 = 8589934592}}, {events = 0, data = {ptr = 0x7f9d68, fd = 8363368, u32 = 8363368, u64 = 8363368}}, {events = 4284134, data = {ptr = 0x200000000, fd = 0, u32 = 0, u64 = 8589934592}}, {events = 0, data = {ptr = 0x58f43d <__libc_csu_init+77>, fd = 5829693, u32 = 5829693, u64 = 5829693}}}
2020-07-15 04:03:22 -          num_events = <optimized out>
2020-07-15 04:03:22 -          check_timers = <optimized out>
2020-07-15 04:03:22 -  #2  do_run_one (ec=..., this_thread=..., lock=..., this=0x820f20) at /usr/include/boost/asio/detail/impl/task_io_service.ipp:356
2020-07-15 04:03:22 -          on_exit = {task_io_service_ = 0x820f20, lock_ = 0x7fffffffde50, this_thread_ = 0x7fffffffde80}
2020-07-15 04:03:22 -          more_handlers = <optimized out>
2020-07-15 04:03:22 -  #3  run (ec=..., this=0x820f20) at /usr/include/boost/asio/detail/impl/task_io_service.ipp:149
2020-07-15 04:03:22 -          this_thread = {private_op_queue = {front_ = 0x0, back_ = 0x0}, private_outstanding_work = 0}
2020-07-15 04:03:22 -          ctx = {key_ = 0x820f20, value_ = 0x7fffffffde80, next_ = 0x0}
2020-07-15 04:03:22 -          lock = {mutex_ = @0x820f50, locked_ = false}
2020-07-15 04:03:22 -          n = <optimized out>
2020-07-15 04:03:22 -  #4  _ZN5boost4asio10io_service3runEv.isra.226 () at /usr/include/boost/asio/impl/io_service.ipp:59
2020-07-15 04:03:22 -          ec = {m_val = 0, m_cat = 0x7ffff71e50e0}
2020-07-15 04:03:22 -  #5  run (this=0x7fffffffdee0) at /home/pokeserv/src/server.cpp:46
2020-07-15 04:03:22 -  No locals.
2020-07-15 04:03:22 -  #6  main (argc=<optimized out>, argv=<optimized out>) at /home/pokeserv/src/otserv.cpp:86
2020-07-15 04:03:22 -          serviceManager = {acceptors = {_M_h = {_M_buckets = 0x7fffedb1b470, _M_bucket_count = 5, _M_before_begin = {_M_nxt = 0x7fffece21f40}, _M_element_count = 2, _M_rehash_policy = {_M_max_load_factor = 1, _M_next_resize = 5}, _M_single_bucket = 0x0}}, io_service = {service_registry_ = 0x81d350, impl_ = @0x820f20}, signals = {set = {<No data fields>}}, death_timer = {<No data fields>}, running = true}
2020-07-15 04:03:22 -  A debugging session is active.
2020-07-15 04:03:22 -  
2020-07-15 04:03:22 -  	Inferior 1 [process 2124] will be killed.
2020-07-15 04:03:22 -  
2020-07-15 04:03:22 -  Quit anyway? (y or n) [answered Y; input not from terminal]
